<?xml version="1.0" encoding="UTF-8"?>
<robot generator="Robot 4.1.3 (Python 3.10.2 on win32)" generated="20220426 21:28:25.922" rpa="false" schemaversion="2">
<suite id="s1" name="Youtube" source="C:\Users\DELL1\Desktop\LTTS\robot\pythonProject9\mobile\youtube.robot">
<test id="s1-t1" name="TC1">
<kw name="Open Application" library="AppiumLibrary">
<arg>http://localhost:4723/wd/hub</arg>
<arg>platformName=Android</arg>
<arg>deviceName=6PY9ZDDEPBEQGA75</arg>
<arg>appPackage=com.google.android.youtube</arg>
<arg>appActivity=com.google.android.youtube.HomeActivity</arg>
<doc>Opens a new application to given Appium server.
Capabilities of appium server, Android and iOS,
Please check https://github.com/appium/appium/blob/master/docs/en/writing-running-appium/server-args.md
| *Option*            | *Man.* | *Description*     |
| remote_url          | Yes    | Appium server url |
| alias               | no     | alias             |</doc>
<kw name="Capture Page Screenshot" library="AppiumLibrary">
<doc>Takes a screenshot of the current page and embeds it into the log.</doc>
<msg timestamp="20220426 21:28:29.577" level="FAIL">No application is open</msg>
<status status="FAIL" starttime="20220426 21:28:29.567" endtime="20220426 21:28:29.577"/>
</kw>
<msg timestamp="20220426 21:28:29.583" level="WARN">Keyword 'Capture Page Screenshot' could not be run on failure: No application is open</msg>
<msg timestamp="20220426 21:28:29.590" level="FAIL">WebDriverException: Message: An unknown server-side error occurred while processing the command. Original error: The Android SDK root folder 'C:\Users\DELL1\AppData\Local\Android\Sdk;' does not exist on the local file system. Read https://developer.android.com/studio/command-line/variables for more details
</msg>
<status status="FAIL" starttime="20220426 21:28:26.354" endtime="20220426 21:28:29.591"/>
</kw>
<status status="FAIL" starttime="20220426 21:28:26.353" endtime="20220426 21:28:29.592">WebDriverException: Message: An unknown server-side error occurred while processing the command. Original error: The Android SDK root folder 'C:\Users\DELL1\AppData\Local\Android\Sdk;' does not exist on the local file system. Read https://developer.android.com/studio/command-line/variables for more details
</status>
</test>
<status status="FAIL" starttime="20220426 21:28:25.925" endtime="20220426 21:28:29.633"/>
</suite>
<statistics>
<total>
<stat pass="0" fail="1" skip="0">All Tests</stat>
</total>
<tag>
</tag>
<suite>
<stat pass="0" fail="1" skip="0" id="s1" name="Youtube">Youtube</stat>
</suite>
</statistics>
<errors>
<msg timestamp="20220426 21:28:29.583" level="WARN">Keyword 'Capture Page Screenshot' could not be run on failure: No application is open</msg>
</errors>
</robot>
